NotificationToast/app/build/intermediates/manifest_merge_blame_file/debug/manifest-merger-blame-debug-report.txt
1<?xml version="1.0" encoding="utf-8"?>
2<manifest xmlns:android="http://schemas.android.com/apk/res/android"
3    package="course.examples.notification.toast" >
4
5    <uses-sdk
6        android:minSdkVersion="23"
6-->src\main\AndroidManifest.xml
7        android:targetSdkVersion="30" />
7-->src\main\AndroidManifest.xml
8
9    <application
9-->src\main\AndroidManifest.xml:6:5-21:19
10        android:allowBackup="false"
10-->src\main\AndroidManifest.xml:7:9-36
11        android:debuggable="true"
12        android:extractNativeLibs="false"
13        android:icon="@mipmap/ic_launcher"
13-->src\main\AndroidManifest.xml:8:9-43
14        android:label="@string/app_name"
14-->src\main\AndroidManifest.xml:9:9-41
15        android:testOnly="true"
16        android:theme="@style/MaterialTheme" >
16-->src\main\AndroidManifest.xml:10:9-45
17        <activity
17-->src\main\AndroidManifest.xml:12:9-20:20
18            android:name="course.examples.notification.toast.NotificationToastActivity"
18-->src\main\AndroidManifest.xml:13:13-88
19            android:label="@string/app_name" >
19-->src\main\AndroidManifest.xml:14:13-45
20            <intent-filter>
20-->src\main\AndroidManifest.xml:15:13-19:29
21                <action android:name="android.intent.action.MAIN" />
21-->src\main\AndroidManifest.xml:16:17-69
21-->src\main\AndroidManifest.xml:16:25-66
22
23                <category android:name="android.intent.category.LAUNCHER" />
23-->src\main\AndroidManifest.xml:18:17-77
23-->src\main\AndroidManifest.xml:18:27-74
24            </intent-filter>
25        </activity>
26    </application>
27
28</manifest>